/*C2*/SET SCHEMA PUBLIC
DELETE FROM MOTORBIKE WHERE MOTORBIKEID=5
COMMIT
DELETE FROM MOTORBIKE WHERE MOTORBIKEID=6
COMMIT
DELETE FROM MOTORBIKE WHERE MOTORBIKEID=7
COMMIT
DELETE FROM MOTORBIKE WHERE MOTORBIKEID=10
COMMIT
/*C3*/SET SCHEMA PUBLIC
DISCONNECT
/*C4*/SET SCHEMA PUBLIC
DISCONNECT
/*C5*/SET SCHEMA PUBLIC
DISCONNECT
/*C8*/SET SCHEMA PUBLIC
DISCONNECT
/*C7*/SET SCHEMA PUBLIC
DISCONNECT
/*C6*/SET SCHEMA PUBLIC
DISCONNECT
/*C11*/SET SCHEMA PUBLIC
DISCONNECT
/*C12*/SET SCHEMA PUBLIC
DISCONNECT
/*C10*/SET SCHEMA PUBLIC
DISCONNECT
/*C9*/SET SCHEMA PUBLIC
DISCONNECT
/*C13*/SET SCHEMA PUBLIC
DISCONNECT
/*C14*/SET SCHEMA PUBLIC
DISCONNECT
/*C15*/SET SCHEMA PUBLIC
DISCONNECT
/*C17*/SET SCHEMA PUBLIC
DISCONNECT
/*C16*/SET SCHEMA PUBLIC
DISCONNECT
/*C19*/SET SCHEMA PUBLIC
INSERT INTO USER VALUES(13,'Martina','martina@gmail.com','12345')
COMMIT
DISCONNECT
/*C20*/SET SCHEMA PUBLIC
DISCONNECT
/*C18*/SET SCHEMA PUBLIC
DISCONNECT
/*C2*/DELETE FROM USER WHERE ID=13
COMMIT
/*C21*/SET SCHEMA PUBLIC
DISCONNECT
/*C22*/SET SCHEMA PUBLIC
DISCONNECT
/*C24*/SET SCHEMA PUBLIC
DISCONNECT
/*C25*/SET SCHEMA PUBLIC
DISCONNECT
/*C23*/SET SCHEMA PUBLIC
DISCONNECT
/*C27*/SET SCHEMA PUBLIC
INSERT INTO USER VALUES(14,'Martina','martina@gmail.com','12345')
COMMIT
DISCONNECT
/*C31*/SET SCHEMA PUBLIC
DISCONNECT
/*C30*/SET SCHEMA PUBLIC
DISCONNECT
/*C29*/SET SCHEMA PUBLIC
DISCONNECT
/*C28*/SET SCHEMA PUBLIC
DISCONNECT
/*C26*/SET SCHEMA PUBLIC
DISCONNECT
/*C32*/SET SCHEMA PUBLIC
DISCONNECT
/*C33*/SET SCHEMA PUBLIC
DISCONNECT
/*C34*/SET SCHEMA PUBLIC
INSERT INTO MOTORBIKE VALUES(12,'jack@jack','Kawasaki','ER','500')
COMMIT
DISCONNECT
/*C36*/SET SCHEMA PUBLIC
DELETE FROM MOTORBIKE WHERE MOTORBIKEID=9
INSERT INTO MOTORBIKE VALUES(9,'jack@jack','Honda','Hayabusa','1800')
COMMIT
DELETE FROM MOTORBIKE WHERE MOTORBIKEID=9
INSERT INTO MOTORBIKE VALUES(9,'jack@jack','Honda','Firestorm','1800')
COMMIT
DELETE FROM MOTORBIKE WHERE MOTORBIKEID=9
INSERT INTO MOTORBIKE VALUES(9,'jack@jack','Honda','Firestorm','900')
COMMIT
DISCONNECT
/*C38*/SET SCHEMA PUBLIC
DISCONNECT
/*C40*/SET SCHEMA PUBLIC
DELETE FROM MOTORBIKE WHERE MOTORBIKEID=1
COMMIT
DISCONNECT
